<?xml version="1.0" encoding="UTF-8"?>
<testng-results ignored="0" total="3" passed="3" failed="0" skipped="0">
  <reporter-output>
  </reporter-output>
  <suite started-at="2023-09-22T20:17:47 UTC" name="Surefire suite" finished-at="2023-09-22T20:18:17 UTC" duration-ms="30178">
    <groups>
    </groups>
    <test started-at="2023-09-22T20:17:47 UTC" name="Surefire test" finished-at="2023-09-22T20:18:17 UTC" duration-ms="30178">
      <class name="runner.Testcase1">
        <test-method is-config="true" signature="beforeMethod()[pri:0, instance:runner.Testcase1@75437611]" started-at="2023-09-22T20:17:47 UTC" name="beforeMethod" finished-at="2023-09-22T20:17:50 UTC" duration-ms="3513" status="PASS">
          <reporter-output>
          </reporter-output>
        </test-method> <!-- beforeMethod -->
        <test-method signature="todaysDeal()[pri:0, instance:runner.Testcase1@75437611]" started-at="2023-09-22T20:17:50 UTC" name="todaysDeal" finished-at="2023-09-22T20:17:53 UTC" duration-ms="3027" status="PASS">
          <reporter-output>
          </reporter-output>
        </test-method> <!-- todaysDeal -->
        <test-method is-config="true" signature="afterMethod()[pri:0, instance:runner.Testcase1@75437611]" started-at="2023-09-22T20:17:53 UTC" name="afterMethod" finished-at="2023-09-22T20:17:54 UTC" duration-ms="137" status="PASS">
          <reporter-output>
          </reporter-output>
        </test-method> <!-- afterMethod -->
      </class> <!-- runner.Testcase1 -->
      <class name="runner.Testcase2">
        <test-method is-config="true" signature="beforeMethod()[pri:0, instance:runner.Testcase2@23e84203]" started-at="2023-09-22T20:17:54 UTC" name="beforeMethod" finished-at="2023-09-22T20:17:56 UTC" duration-ms="1995" status="PASS">
          <reporter-output>
          </reporter-output>
        </test-method> <!-- beforeMethod -->
        <test-method signature="SearchProduct()[pri:2, instance:runner.Testcase2@23e84203]" started-at="2023-09-22T20:17:56 UTC" name="SearchProduct" finished-at="2023-09-22T20:18:01 UTC" duration-ms="5402" status="PASS">
          <reporter-output>
          </reporter-output>
        </test-method> <!-- SearchProduct -->
        <test-method is-config="true" signature="afterMethod()[pri:0, instance:runner.Testcase2@23e84203]" started-at="2023-09-22T20:18:01 UTC" name="afterMethod" finished-at="2023-09-22T20:18:01 UTC" duration-ms="474" status="PASS">
          <reporter-output>
          </reporter-output>
        </test-method> <!-- afterMethod -->
      </class> <!-- runner.Testcase2 -->
      <class name="runner.Testcase3">
        <test-method is-config="true" signature="beforeMethod()[pri:0, instance:runner.Testcase3@514646ef]" started-at="2023-09-22T20:18:01 UTC" name="beforeMethod" finished-at="2023-09-22T20:18:03 UTC" duration-ms="1905" status="PASS">
          <reporter-output>
          </reporter-output>
        </test-method> <!-- beforeMethod -->
        <test-method signature="addtocart()[pri:3, instance:runner.Testcase3@514646ef]" started-at="2023-09-22T20:18:03 UTC" name="addtocart" finished-at="2023-09-22T20:18:17 UTC" duration-ms="13480" status="PASS">
          <reporter-output>
          </reporter-output>
        </test-method> <!-- addtocart -->
        <test-method is-config="true" signature="afterMethod()[pri:0, instance:runner.Testcase3@514646ef]" started-at="2023-09-22T20:18:17 UTC" name="afterMethod" finished-at="2023-09-22T20:18:17 UTC" duration-ms="193" status="PASS">
          <reporter-output>
          </reporter-output>
        </test-method> <!-- afterMethod -->
      </class> <!-- runner.Testcase3 -->
    </test> <!-- Surefire test -->
  </suite> <!-- Surefire suite -->
</testng-results>
