<?xml version="1.0" encoding="UTF-8"?>
<testng-results ignored="0" total="3" passed="3" failed="0" skipped="0">
  <reporter-output>
  </reporter-output>
  <suite started-at="2023-09-22T20:35:10 UTC" name="Surefire suite" finished-at="2023-09-22T20:36:18 UTC" duration-ms="68018">
    <groups>
    </groups>
    <test started-at="2023-09-22T20:35:10 UTC" name="Surefire test" finished-at="2023-09-22T20:36:18 UTC" duration-ms="68018">
      <class name="runner.Testcase1">
        <test-method is-config="true" signature="beforeMethod()[pri:0, instance:runner.Testcase1@6d60fe40]" started-at="2023-09-22T20:35:49 UTC" name="beforeMethod" finished-at="2023-09-22T20:35:56 UTC" duration-ms="7249" status="PASS">
          <reporter-output>
          </reporter-output>
        </test-method> <!-- beforeMethod -->
        <test-method signature="todaysDeal()[pri:0, instance:runner.Testcase1@6d60fe40]" started-at="2023-09-22T20:35:56 UTC" name="todaysDeal" finished-at="2023-09-22T20:36:00 UTC" duration-ms="3625" status="PASS">
          <reporter-output>
          </reporter-output>
        </test-method> <!-- todaysDeal -->
        <test-method is-config="true" signature="afterMethod()[pri:0, instance:runner.Testcase1@6d60fe40]" started-at="2023-09-22T20:36:00 UTC" name="afterMethod" finished-at="2023-09-22T20:36:00 UTC" duration-ms="124" status="PASS">
          <reporter-output>
          </reporter-output>
        </test-method> <!-- afterMethod -->
      </class> <!-- runner.Testcase1 -->
      <class name="runner.Testcase2">
        <test-method is-config="true" signature="beforeMethod()[pri:0, instance:runner.Testcase2@23e84203]" started-at="2023-09-22T20:36:00 UTC" name="beforeMethod" finished-at="2023-09-22T20:36:10 UTC" duration-ms="10081" status="PASS">
          <reporter-output>
          </reporter-output>
        </test-method> <!-- beforeMethod -->
        <test-method signature="SearchProduct()[pri:2, instance:runner.Testcase2@23e84203]" started-at="2023-09-22T20:36:10 UTC" name="SearchProduct" finished-at="2023-09-22T20:36:17 UTC" duration-ms="7139" status="PASS">
          <reporter-output>
          </reporter-output>
        </test-method> <!-- SearchProduct -->
        <test-method is-config="true" signature="afterMethod()[pri:0, instance:runner.Testcase2@23e84203]" started-at="2023-09-22T20:36:17 UTC" name="afterMethod" finished-at="2023-09-22T20:36:18 UTC" duration-ms="215" status="PASS">
          <reporter-output>
          </reporter-output>
        </test-method> <!-- afterMethod -->
      </class> <!-- runner.Testcase2 -->
      <class name="runner.Testcase3">
        <test-method is-config="true" signature="beforeMethod()[pri:0, instance:runner.Testcase3@742ff096]" started-at="2023-09-22T20:35:10 UTC" name="beforeMethod" finished-at="2023-09-22T20:35:30 UTC" duration-ms="20492" status="PASS">
          <reporter-output>
          </reporter-output>
        </test-method> <!-- beforeMethod -->
        <test-method signature="addtocart()[pri:3, instance:runner.Testcase3@742ff096]" started-at="2023-09-22T20:35:30 UTC" name="addtocart" finished-at="2023-09-22T20:35:49 UTC" duration-ms="18541" status="PASS">
          <reporter-output>
          </reporter-output>
        </test-method> <!-- addtocart -->
        <test-method is-config="true" signature="afterMethod()[pri:0, instance:runner.Testcase3@742ff096]" started-at="2023-09-22T20:35:49 UTC" name="afterMethod" finished-at="2023-09-22T20:35:49 UTC" duration-ms="458" status="PASS">
          <reporter-output>
          </reporter-output>
        </test-method> <!-- afterMethod -->
      </class> <!-- runner.Testcase3 -->
    </test> <!-- Surefire test -->
  </suite> <!-- Surefire suite -->
</testng-results>
