<?xml version="1.0" encoding="UTF-8"?>
<!-- Generated by org.testng.reporters.JUnitXMLReporter -->
<testsuite ignored="0" hostname="beeafcabeefc305339378ebdafdffbcdbbebone-0" failures="0" tests="3" name="Surefire test" time="30.178" errors="0" timestamp="2023-09-22T20:18:17 UTC">
  <testcase classname="runner.Testcase1" name="todaysDeal" time="3.027"/>
  <testcase classname="runner.Testcase2" name="SearchProduct" time="5.402"/>
  <testcase classname="runner.Testcase3" name="addtocart" time="13.48"/>
</testsuite> <!-- Surefire test -->
