<?xml version="1.0" encoding="UTF-8"?>
<!-- Generated by org.testng.reporters.JUnitXMLReporter -->
<testsuite ignored="0" hostname="beeafcabeefc305339378ebdafdffbcdbbebone-0" failures="0" tests="3" name="Surefire test" time="28.503" errors="0" timestamp="2023-09-22T20:29:03 UTC">
  <testcase classname="runner.Testcase3" name="addtocart" time="13.267"/>
  <testcase classname="runner.Testcase1" name="todaysDeal" time="3.176"/>
  <testcase classname="runner.Testcase2" name="SearchProduct" time="4.611"/>
</testsuite> <!-- Surefire test -->
